2021-08-30 21:45:11.861  INFO 12364 --- [restartedMain] c.a.r.RegistrationApplication            : Starting RegistrationApplication using Java 1.8.0_211 on NIKI with PID 12364 (G:\IntelliJ\Microservices\registration\build\classes\java\main started by Nebula in G:\IntelliJ\Microservices\registration)
2021-08-30 21:45:11.869  INFO 12364 --- [restartedMain] c.a.r.RegistrationApplication            : No active profile set, falling back to default profiles: default
2021-08-30 21:45:11.992  INFO 12364 --- [restartedMain] .e.DevToolsPropertyDefaultsPostProcessor : Devtools property defaults active! Set 'spring.devtools.add-properties' to 'false' to disable
2021-08-30 21:45:11.993  INFO 12364 --- [restartedMain] .e.DevToolsPropertyDefaultsPostProcessor : For additional web related logging consider setting the 'logging.level.web' property to 'DEBUG'
2021-08-30 21:45:14.672  INFO 12364 --- [restartedMain] .s.d.r.c.RepositoryConfigurationDelegate : Bootstrapping Spring Data JPA repositories in DEFAULT mode.
2021-08-30 21:45:14.810  INFO 12364 --- [restartedMain] .s.d.r.c.RepositoryConfigurationDelegate : Finished Spring Data repository scanning in 121 ms. Found 1 JPA repository interfaces.
2021-08-30 21:45:16.951  INFO 12364 --- [restartedMain] o.s.b.w.embedded.tomcat.TomcatWebServer  : Tomcat initialized with port(s): 2020 (http)
2021-08-30 21:45:16.973  INFO 12364 --- [restartedMain] o.apache.catalina.core.StandardService   : Starting service [Tomcat]
2021-08-30 21:45:16.973  INFO 12364 --- [restartedMain] org.apache.catalina.core.StandardEngine  : Starting Servlet engine: [Apache Tomcat/9.0.46]
2021-08-30 21:45:17.185  INFO 12364 --- [restartedMain] o.a.c.c.C.[Tomcat].[localhost].[/]       : Initializing Spring embedded WebApplicationContext
2021-08-30 21:45:17.185  INFO 12364 --- [restartedMain] w.s.c.ServletWebServerApplicationContext : Root WebApplicationContext: initialization completed in 5190 ms
2021-08-30 21:45:17.985  INFO 12364 --- [restartedMain] com.zaxxer.hikari.HikariDataSource       : alchemydb - Starting...
2021-08-30 21:45:17.998  WARN 12364 --- [restartedMain] com.zaxxer.hikari.util.DriverDataSource  : Registered driver with driverClassName=com.mysql.jdbc.Driver was not found, trying direct instantiation.
2021-08-30 21:45:18.341  INFO 12364 --- [restartedMain] com.zaxxer.hikari.HikariDataSource       : alchemydb - Start completed.
2021-08-30 21:45:20.860  INFO 12364 --- [restartedMain] j.LocalContainerEntityManagerFactoryBean : Initialized JPA EntityManagerFactory for persistence unit 'default'
2021-08-30 21:45:21.055  WARN 12364 --- [restartedMain] JpaBaseConfiguration$JpaWebConfiguration : spring.jpa.open-in-view is enabled by default. Therefore, database queries may be performed during view rendering. Explicitly configure spring.jpa.open-in-view to disable this warning
2021-08-30 21:45:24.658  INFO 12364 --- [restartedMain] o.s.s.web.DefaultSecurityFilterChain     : Will secure any request with [org.springframework.security.web.context.request.async.WebAsyncManagerIntegrationFilter@1ebd31e1, org.springframework.security.web.context.SecurityContextPersistenceFilter@38bbcce1, org.springframework.security.web.header.HeaderWriterFilter@3f1b0402, org.springframework.security.web.authentication.logout.LogoutFilter@69893273, org.springframework.security.web.authentication.UsernamePasswordAuthenticationFilter@189a775f, org.springframework.security.web.authentication.ui.DefaultLoginPageGeneratingFilter@e7d04d7, org.springframework.security.web.authentication.ui.DefaultLogoutPageGeneratingFilter@48e165e6, org.springframework.security.web.savedrequest.RequestCacheAwareFilter@e588137, org.springframework.security.web.servletapi.SecurityContextHolderAwareRequestFilter@b2db57, org.springframework.security.web.authentication.AnonymousAuthenticationFilter@234bc289, org.springframework.security.web.session.SessionManagementFilter@78e73973, org.springframework.security.web.access.ExceptionTranslationFilter@753c61c8, org.springframework.security.web.access.intercept.FilterSecurityInterceptor@3305493e]
2021-08-30 21:45:26.590  INFO 12364 --- [restartedMain] o.s.b.d.a.OptionalLiveReloadServer       : LiveReload server is running on port 35729
2021-08-30 21:45:26.612  INFO 12364 --- [restartedMain] o.s.b.a.e.web.EndpointLinksResolver      : Exposing 1 endpoint(s) beneath base path '/actuator'
2021-08-30 21:45:26.797  INFO 12364 --- [restartedMain] o.s.b.w.embedded.tomcat.TomcatWebServer  : Tomcat started on port(s): 2020 (http) with context path ''
2021-08-30 21:45:26.874  INFO 12364 --- [restartedMain] c.a.r.RegistrationApplication            : Started RegistrationApplication in 16.207 seconds (JVM running for 17.273)
2021-08-30 21:46:39.434  INFO 12364 --- [http-nio-2020-exec-2] o.a.c.c.C.[Tomcat].[localhost].[/]       : Initializing Spring DispatcherServlet 'dispatcherServlet'
2021-08-30 21:46:39.436  INFO 12364 --- [http-nio-2020-exec-2] o.s.web.servlet.DispatcherServlet        : Initializing Servlet 'dispatcherServlet'
2021-08-30 21:46:39.439  INFO 12364 --- [http-nio-2020-exec-2] o.s.web.servlet.DispatcherServlet        : Completed initialization in 3 ms
2021-08-30 21:46:39.747  INFO 12364 --- [http-nio-2020-exec-2] c.a.r.controller.RegistrationController  : User: RegistrationModel{id=null, name='Vikrqqsdasaam', email='vaassaishakaasaaaaaasshaaassaaafadaadesaaaasfaaraaafasdsaaeasssazdsdffasama@gmail.com', password='Vikram', dob=Thu May 07 00:00:00 IST 2020, mobile_no=21232254242, disclosure_acceptance=true, registered_date_time=Tue Jul 20 01:29:46 IST 2021}
2021-08-30 21:46:39.748  INFO 12364 --- [http-nio-2020-exec-2] c.a.r.controller.RegistrationController  : User1 : Vikram---Vimal
2021-08-30 21:46:39.772  INFO 12364 --- [http-nio-2020-exec-2] c.a.r.controller.RegistrationController  : Valid : true
2021-08-30 21:46:40.273  WARN 12364 --- [http-nio-2020-exec-2] .m.m.a.ExceptionHandlerExceptionResolver : Resolved [com.alchemy.registration.exceptions.UserExistException: User %S already Exist]
2021-08-30 21:46:43.711  INFO 12364 --- [http-nio-2020-exec-4] c.a.r.controller.RegistrationController  : User: RegistrationModel{id=null, name='Vikrqqsdasaam', email='vaassaisshakaasaaaaaasshaaassaaafadaadesaaaasfaaraaafasdsaaeasssazdsdffasama@gmail.com', password='Vikram', dob=Thu May 07 00:00:00 IST 2020, mobile_no=21232254242, disclosure_acceptance=true, registered_date_time=Tue Jul 20 01:29:46 IST 2021}
2021-08-30 21:46:43.711  INFO 12364 --- [http-nio-2020-exec-4] c.a.r.controller.RegistrationController  : User1 : Vikram---Vimal
2021-08-30 21:46:43.711  INFO 12364 --- [http-nio-2020-exec-4] c.a.r.controller.RegistrationController  : Valid : true
2021-08-30 21:46:43.968  INFO 12364 --- [http-nio-2020-exec-4] o.s.a.r.c.CachingConnectionFactory       : Attempting to connect to: [localhost:5672]
2021-08-30 21:46:44.183  INFO 12364 --- [http-nio-2020-exec-4] o.s.a.r.c.CachingConnectionFactory       : Created new connection: rabbitConnectionFactory#59c77523:0/SimpleConnection@5959237a [delegate=amqp://guest@127.0.0.1:5672/, localPort= 63062]
2021-08-30 21:47:14.071  INFO 12364 --- [http-nio-2020-exec-5] c.a.r.controller.RegistrationController  : User: RegistrationModel{id=null, name='Vikrqqsdasaam', email='vaassaisshakaasaaaaaasshaaassaaafadaadesaaaasfaaraaafasdsaaeasssazdsdffasama@gmail.com', password='Vikram', dob=Thu May 07 00:00:00 IST 2020, mobile_no=21232254242, disclosure_acceptance=true, registered_date_time=Tue Jul 20 01:29:46 IST 2021}
2021-08-30 21:47:14.072  INFO 12364 --- [http-nio-2020-exec-5] c.a.r.controller.RegistrationController  : User1 : Vikram---Vimal
2021-08-30 21:47:14.073  INFO 12364 --- [http-nio-2020-exec-5] c.a.r.controller.RegistrationController  : Valid : true
2021-08-30 21:47:14.271  WARN 12364 --- [http-nio-2020-exec-5] .m.m.a.ExceptionHandlerExceptionResolver : Resolved [com.alchemy.registration.exceptions.UserExistException: User %S already Exist]
2021-08-30 21:47:15.046  INFO 12364 --- [http-nio-2020-exec-7] c.a.r.controller.RegistrationController  : User: RegistrationModel{id=null, name='Vikrqqsdasaam', email='vaassaisshakaasaaaaaasshaaassaaafadaadesaaaasfaaraaafasdsaaeasssazdsdffasama@gmail.com', password='Vikram', dob=Thu May 07 00:00:00 IST 2020, mobile_no=21232254242, disclosure_acceptance=true, registered_date_time=Tue Jul 20 01:29:46 IST 2021}
2021-08-30 21:47:15.047  INFO 12364 --- [http-nio-2020-exec-7] c.a.r.controller.RegistrationController  : User1 : Vikram---Vimal
2021-08-30 21:47:15.047  INFO 12364 --- [http-nio-2020-exec-7] c.a.r.controller.RegistrationController  : Valid : true
2021-08-30 21:47:15.169  WARN 12364 --- [http-nio-2020-exec-7] .m.m.a.ExceptionHandlerExceptionResolver : Resolved [com.alchemy.registration.exceptions.UserExistException: User %S already Exist]
2021-08-30 21:47:15.857  INFO 12364 --- [http-nio-2020-exec-9] c.a.r.controller.RegistrationController  : User: RegistrationModel{id=null, name='Vikrqqsdasaam', email='vaassaisshakaasaaaaaasshaaassaaafadaadesaaaasfaaraaafasdsaaeasssazdsdffasama@gmail.com', password='Vikram', dob=Thu May 07 00:00:00 IST 2020, mobile_no=21232254242, disclosure_acceptance=true, registered_date_time=Tue Jul 20 01:29:46 IST 2021}
2021-08-30 21:47:15.858  INFO 12364 --- [http-nio-2020-exec-9] c.a.r.controller.RegistrationController  : User1 : Vikram---Vimal
2021-08-30 21:47:15.859  INFO 12364 --- [http-nio-2020-exec-9] c.a.r.controller.RegistrationController  : Valid : true
2021-08-30 21:47:16.034  WARN 12364 --- [http-nio-2020-exec-9] .m.m.a.ExceptionHandlerExceptionResolver : Resolved [com.alchemy.registration.exceptions.UserExistException: User %S already Exist]
2021-08-30 21:47:31.774  INFO 12364 --- [http-nio-2020-exec-1] c.a.r.controller.RegistrationController  : User: RegistrationModel{id=null, name='Vikrqqsdasaam', email='vaassaisshakaasaaaaaasshaaassaaafadaadesaaaasfaaraaafasdsaaeasssazdsdffasama@gmail.com', password='Vikram', dob=Thu May 07 00:00:00 IST 2020, mobile_no=21232254242, disclosure_acceptance=true, registered_date_time=Tue Jul 20 01:29:46 IST 2021}
2021-08-30 21:47:31.774  INFO 12364 --- [http-nio-2020-exec-1] c.a.r.controller.RegistrationController  : User1 : Vikram---Vimal
2021-08-30 21:47:31.775  INFO 12364 --- [http-nio-2020-exec-1] c.a.r.controller.RegistrationController  : Valid : true
2021-08-30 21:47:31.901  WARN 12364 --- [http-nio-2020-exec-1] .m.m.a.ExceptionHandlerExceptionResolver : Resolved [com.alchemy.registration.exceptions.UserExistException: User %S already Exist]
2021-08-30 21:47:33.015  INFO 12364 --- [http-nio-2020-exec-3] c.a.r.controller.RegistrationController  : User: RegistrationModel{id=null, name='Vikrqqsdasaam', email='vaassaisshakaasaaaaaasshaaassaaafadaadesaaaasfaaraaafasdsaaeasssazdsdffasama@gmail.com', password='Vikram', dob=Thu May 07 00:00:00 IST 2020, mobile_no=21232254242, disclosure_acceptance=true, registered_date_time=Tue Jul 20 01:29:46 IST 2021}
2021-08-30 21:47:33.015  INFO 12364 --- [http-nio-2020-exec-3] c.a.r.controller.RegistrationController  : User1 : Vikram---Vimal
2021-08-30 21:47:33.016  INFO 12364 --- [http-nio-2020-exec-3] c.a.r.controller.RegistrationController  : Valid : true
2021-08-30 21:47:33.146  WARN 12364 --- [http-nio-2020-exec-3] .m.m.a.ExceptionHandlerExceptionResolver : Resolved [com.alchemy.registration.exceptions.UserExistException: User %S already Exist]
2021-08-30 21:47:33.749  INFO 12364 --- [http-nio-2020-exec-5] c.a.r.controller.RegistrationController  : User: RegistrationModel{id=null, name='Vikrqqsdasaam', email='vaassaisshakaasaaaaaasshaaassaaafadaadesaaaasfaaraaafasdsaaeasssazdsdffasama@gmail.com', password='Vikram', dob=Thu May 07 00:00:00 IST 2020, mobile_no=21232254242, disclosure_acceptance=true, registered_date_time=Tue Jul 20 01:29:46 IST 2021}
2021-08-30 21:47:33.749  INFO 12364 --- [http-nio-2020-exec-5] c.a.r.controller.RegistrationController  : User1 : Vikram---Vimal
2021-08-30 21:47:33.750  INFO 12364 --- [http-nio-2020-exec-5] c.a.r.controller.RegistrationController  : Valid : true
2021-08-30 21:47:33.870  WARN 12364 --- [http-nio-2020-exec-5] .m.m.a.ExceptionHandlerExceptionResolver : Resolved [com.alchemy.registration.exceptions.UserExistException: User %S already Exist]
2021-08-30 21:47:38.493  INFO 12364 --- [http-nio-2020-exec-7] c.a.r.controller.RegistrationController  : User: RegistrationModel{id=null, name='Vikrqqsdasaam', email='vaasasaisshakaasaaaaaasshaaassaaafadaadesaaaasfaaraaafasdsaaeasssazdsdffasama@gmail.com', password='Vikram', dob=Thu May 07 00:00:00 IST 2020, mobile_no=21232254242, disclosure_acceptance=true, registered_date_time=Tue Jul 20 01:29:46 IST 2021}
2021-08-30 21:47:38.493  INFO 12364 --- [http-nio-2020-exec-7] c.a.r.controller.RegistrationController  : User1 : Vikram---Vimal
2021-08-30 21:47:38.493  INFO 12364 --- [http-nio-2020-exec-7] c.a.r.controller.RegistrationController  : Valid : true
hello1
